{"name": "TC-02: Login with empty phone number", "status": "failed", "statusDetails": {"message": "AssertionError: assert '' == 'Invalid value'\n  \n  - Invalid value", "trace": "self = <tests.login_page.test_login_page.TestLoginPage object at 0x78605c17b1f0>, page = <Page url='https://dev.bito.uz/login'>, login_page = <screens.login_screen.login_screens.LoginScreen object at 0x78605b7e63b0>\n\n    @allure.title(\"TC-02: Login with empty phone number\")\n    def test_empty_phone_number(self, page, login_page):\n        with allure.step(\"Open login page\"):\n            page.goto(\"https://dev.bito.uz/login\")\n    \n        with allure.step(\"Enter password\"):\n            login_page.enter_password(\"12345\")\n    \n        with allure.step(\"Click login button\"):\n            login_page.click_login_button()\n    \n        with allure.step(\"Check validation message\"):\n>           assert login_page.get_error_text() == \"Invalid value\"\nE           AssertionError: assert '' == 'Invalid value'\nE             \nE             - Invalid value\n\ntests/login_page/test_login_page.py:21: AssertionError"}, "steps": [{"name": "Open login page", "status": "passed", "start": 1765494845471, "stop": 1765494848297}, {"name": "Enter password", "status": "passed", "steps": [{"name": "Enter password: '12345'", "status": "passed", "parameters": [{"name": "password", "value": "'12345'"}], "start": 1765494848297, "stop": 1765494848815}], "start": 1765494848297, "stop": 1765494848815}, {"name": "Click login button", "status": "passed", "steps": [{"name": "Click Login button", "status": "passed", "start": 1765494848815, "stop": 1765494849164}], "start": 1765494848815, "stop": 1765494849164}, {"name": "Check validation message", "status": "failed", "statusDetails": {"message": "AssertionError: assert '' == 'Invalid value'\n  \n  - Invalid value\n", "trace": "  File \"/home/siyovush/PycharmProjects/BIto_Automation/tests/login_page/test_login_page.py\", line 21, in test_empty_phone_number\n    assert login_page.get_error_text() == \"Invalid value\"\n"}, "start": 1765494849164, "stop": 1765494849164}], "attachments": [{"name": "Failure Screenshot", "source": "5511ba93-54ea-46a0-ae61-833370c38c10-attachment.png", "type": "image/png"}], "start": 1765494845471, "stop": 1765494849164, "uuid": "d272ac6b-aae1-4d71-ab8b-2ee910091443", "historyId": "1f8451516b7e435528885e43d1927b20", "testCaseId": "1f8451516b7e435528885e43d1927b20", "fullName": "tests.login_page.test_login_page.TestLoginPage#test_empty_phone_number", "labels": [{"name": "feature", "value": "Login Page"}, {"name": "parentSuite", "value": "tests.login_page"}, {"name": "suite", "value": "test_login_page"}, {"name": "subSuite", "value": "TestLoginPage"}, {"name": "host", "value": "siyovush"}, {"name": "thread", "value": "47223-MainThread"}, {"name": "framework", "value": "pytest"}, {"name": "language", "value": "cpython3"}, {"name": "package", "value": "tests.login_page.test_login_page"}], "titlePath": ["tests", "login_page", "test_login_page.py", "TestLoginPage"]}