{"name": "TC-02: Login with empty phone number", "status": "failed", "statusDetails": {"message": "AssertionError: assert '' == 'Invalid value'\n  \n  - Invalid value", "trace": "self = <tests.login_page.test_login_page.TestLoginPage object at 0x744a2b7e7460>, page = <Page url='https://dev.bito.uz/login'>, login_page = <screens.login_screen.login_screens.LoginScreen object at 0x744a2abe6350>\n\n    @allure.title(\"TC-02: Login with empty phone number\")\n    def test_empty_phone_number(self, page, login_page):\n        with allure.step(\"Open login page\"):\n            page.goto(\"https://dev.bito.uz/login\")\n    \n        with allure.step(\"Enter password\"):\n            login_page.enter_password(\"12345\")\n    \n        with allure.step(\"Click login button\"):\n            login_page.click_login_button()\n    \n        with allure.step(\"Check validation message\"):\n>           assert login_page.get_error_text() == \"Invalid value\"\nE           AssertionError: assert '' == 'Invalid value'\nE             \nE             - Invalid value\n\ntests/login_page/test_login_page.py:21: AssertionError"}, "steps": [{"name": "Open login page", "status": "passed", "start": 1765494809245, "stop": 1765494811866}, {"name": "Enter password", "status": "passed", "steps": [{"name": "Enter password: '12345'", "status": "passed", "parameters": [{"name": "password", "value": "'12345'"}], "start": 1765494811866, "stop": 1765494812214}], "start": 1765494811866, "stop": 1765494812214}, {"name": "Click login button", "status": "passed", "steps": [{"name": "Click Login button", "status": "passed", "start": 1765494812215, "stop": 1765494812575}], "start": 1765494812214, "stop": 1765494812575}, {"name": "Check validation message", "status": "failed", "statusDetails": {"message": "AssertionError: assert '' == 'Invalid value'\n  \n  - Invalid value\n", "trace": "  File \"/home/siyovush/PycharmProjects/BIto_Automation/tests/login_page/test_login_page.py\", line 21, in test_empty_phone_number\n    assert login_page.get_error_text() == \"Invalid value\"\n"}, "start": 1765494812575, "stop": 1765494812575}], "attachments": [{"name": "Failure Screenshot", "source": "56de06a0-2882-4609-8292-db5ad85914d4-attachment.png", "type": "image/png"}], "start": 1765494809245, "stop": 1765494812575, "uuid": "b575f4d3-3969-4fcd-8d12-33acc767bb1b", "historyId": "1f8451516b7e435528885e43d1927b20", "testCaseId": "1f8451516b7e435528885e43d1927b20", "fullName": "tests.login_page.test_login_page.TestLoginPage#test_empty_phone_number", "labels": [{"name": "feature", "value": "Login Page"}, {"name": "parentSuite", "value": "tests.login_page"}, {"name": "suite", "value": "test_login_page"}, {"name": "subSuite", "value": "TestLoginPage"}, {"name": "host", "value": "siyovush"}, {"name": "thread", "value": "46842-MainThread"}, {"name": "framework", "value": "pytest"}, {"name": "language", "value": "cpython3"}, {"name": "package", "value": "tests.login_page.test_login_page"}], "titlePath": ["tests", "login_page", "test_login_page.py", "TestLoginPage"]}