{"name": "TC-08: Navigation to Reset Password page works correctly", "status": "failed", "statusDetails": {"message": "AssertionError: assert '/reset-password' in 'https://dev.bito.uz/forgot-password'\n +  where 'https://dev.bito.uz/forgot-password' = <Page url='https://dev.bito.uz/forgot-password'>.url", "trace": "self = <tests.login_page.test_login_page.TestLoginPage object at 0x78605c17bf10>, page = <Page url='https://dev.bito.uz/forgot-password'>\nlogin_page = <screens.login_screen.login_screens.LoginScreen object at 0x78605ac8fcd0>\n\n    @allure.title(\"TC-08: Navigation to Reset Password page works correctly\")\n    def test_forgot_password_navigation(self, page, login_page):\n        with allure.step(\"Open login page\"):\n            page.goto(\"https://dev.bito.uz/login\")\n    \n        with allure.step(\"Click 'Забыли пароль' link\"):\n            login_page.click(login_page.forgot_password)\n    \n        with allure.step(\"Check URL contains '/reset-password'\"):\n>           assert \"/reset-password\" in page.url\nE           AssertionError: assert '/reset-password' in 'https://dev.bito.uz/forgot-password'\nE            +  where 'https://dev.bito.uz/forgot-password' = <Page url='https://dev.bito.uz/forgot-password'>.url\n\ntests/login_page/test_login_page.py:133: AssertionError"}, "steps": [{"name": "Open login page", "status": "passed", "start": 1765494886957, "stop": 1765494889210}, {"name": "Click 'Забыли пароль' link", "status": "passed", "start": 1765494889210, "stop": 1765494889675}, {"name": "Check URL contains '/reset-password'", "status": "failed", "statusDetails": {"message": "AssertionError: assert '/reset-password' in 'https://dev.bito.uz/forgot-password'\n +  where 'https://dev.bito.uz/forgot-password' = <Page url='https://dev.bito.uz/forgot-password'>.url\n", "trace": "  File \"/home/siyovush/PycharmProjects/BIto_Automation/tests/login_page/test_login_page.py\", line 133, in test_forgot_password_navigation\n    assert \"/reset-password\" in page.url\n"}, "start": 1765494889675, "stop": 1765494889676}], "attachments": [{"name": "Failure Screenshot", "source": "792d70d9-cfd8-44af-b3b6-7519c07ac937-attachment.png", "type": "image/png"}], "start": 1765494886957, "stop": 1765494889676, "uuid": "5ae3dcee-9a9f-46ed-a637-39819d5e265a", "historyId": "bcf1d88bff6cbbd863dc517de4a6a542", "testCaseId": "bcf1d88bff6cbbd863dc517de4a6a542", "fullName": "tests.login_page.test_login_page.TestLoginPage#test_forgot_password_navigation", "labels": [{"name": "feature", "value": "Login Page"}, {"name": "parentSuite", "value": "tests.login_page"}, {"name": "suite", "value": "test_login_page"}, {"name": "subSuite", "value": "TestLoginPage"}, {"name": "host", "value": "siyovush"}, {"name": "thread", "value": "47223-MainThread"}, {"name": "framework", "value": "pytest"}, {"name": "language", "value": "cpython3"}, {"name": "package", "value": "tests.login_page.test_login_page"}], "titlePath": ["tests", "login_page", "test_login_page.py", "TestLoginPage"]}