{"name": "TC-07: Remember me checkbox saves phone number", "status": "failed", "statusDetails": {"message": "AssertionError: assert '+998' == '941234000'\n  \n  - 941234000\n  + +998", "trace": "self = <tests.login_page.test_login_page.TestLoginPage object at 0x78605c17bcd0>, page = <Page url='https://dev.bito.uz/login'>, login_page = <screens.login_screen.login_screens.LoginScreen object at 0x78605aa1b760>\n\n    @allure.title(\"TC-07: Remember me checkbox saves phone number\")\n    def test_remember_me(self, page, login_page):\n        with allure.step(\"Open login page\"):\n            page.goto(\"https://dev.bito.uz/login\")\n    \n        with allure.step(\"Enter phone number\"):\n            login_page.enter_phone_number(\"941234000\")\n    \n        with allure.step(\"Enter incorrect password\"):\n            login_page.enter_password(\"wrongpass\")\n    \n        with allure.step(\"Click checkbox\"):\n            login_page.click_checkbox()\n    \n        with allure.step(\"Click login button\"):\n            login_page.click_login_button()\n    \n        with allure.step(\"Refresh page\"):\n            page.reload()\n    \n        with allure.step(\"Check saved phone number\"):\n            value = login_page.get_element((\"xpath\", \"//*[@name='phone_number']\")).input_value()\n>           assert value == \"941234000\"\nE           AssertionError: assert '+998' == '941234000'\nE             \nE             - 941234000\nE             + +998\n\ntests/login_page/test_login_page.py:120: AssertionError"}, "steps": [{"name": "Open login page", "status": "passed", "start": 1765494882775, "stop": 1765494884922}, {"name": "Enter phone number", "status": "passed", "steps": [{"name": "Enter phone number: '941234000'", "status": "passed", "parameters": [{"name": "phone_number", "value": "'941234000'"}], "start": 1765494884923, "stop": 1765494885348}], "start": 1765494884922, "stop": 1765494885348}, {"name": "Enter incorrect password", "status": "passed", "steps": [{"name": "Enter password: 'wrongpass'", "status": "passed", "parameters": [{"name": "password", "value": "'wrongpass'"}], "start": 1765494885348, "stop": 1765494885671}], "start": 1765494885348, "stop": 1765494885671}, {"name": "Click checkbox", "status": "passed", "steps": [{"name": "Click 'Remember me' checkbox", "status": "passed", "start": 1765494885672, "stop": 1765494886004}], "start": 1765494885672, "stop": 1765494886005}, {"name": "Click login button", "status": "passed", "steps": [{"name": "Click Login button", "status": "passed", "start": 1765494886005, "stop": 1765494886344}], "start": 1765494886005, "stop": 1765494886344}, {"name": "Refresh page", "status": "passed", "start": 1765494886344, "stop": 1765494886818}, {"name": "Check saved phone number", "status": "failed", "statusDetails": {"message": "AssertionError: assert '+998' == '941234000'\n  \n  - 941234000\n  + +998\n", "trace": "  File \"/home/siyovush/PycharmProjects/BIto_Automation/tests/login_page/test_login_page.py\", line 120, in test_remember_me\n    assert value == \"941234000\"\n"}, "start": 1765494886818, "stop": 1765494886827}], "attachments": [{"name": "Failure Screenshot", "source": "c57c74b5-4871-4963-b710-8715e854ba4d-attachment.png", "type": "image/png"}], "start": 1765494882775, "stop": 1765494886827, "uuid": "4f9bb118-9cb9-4c3c-b939-117adec6bb6f", "historyId": "50e2fd9d4c558161bf70ae9784617249", "testCaseId": "50e2fd9d4c558161bf70ae9784617249", "fullName": "tests.login_page.test_login_page.TestLoginPage#test_remember_me", "labels": [{"name": "feature", "value": "Login Page"}, {"name": "parentSuite", "value": "tests.login_page"}, {"name": "suite", "value": "test_login_page"}, {"name": "subSuite", "value": "TestLoginPage"}, {"name": "host", "value": "siyovush"}, {"name": "thread", "value": "47223-MainThread"}, {"name": "framework", "value": "pytest"}, {"name": "language", "value": "cpython3"}, {"name": "package", "value": "tests.login_page.test_login_page"}], "titlePath": ["tests", "login_page", "test_login_page.py", "TestLoginPage"]}