{"name": "TC-03: Login with empty password", "status": "failed", "statusDetails": {"message": "AssertionError: assert '' == 'Invalid value'\n  \n  - Invalid value", "trace": "self = <tests.login_page.test_login_page.TestLoginPage object at 0x78605c17b3d0>, page = <Page url='https://dev.bito.uz/login'>, login_page = <screens.login_screen.login_screens.LoginScreen object at 0x78605c3e6b00>\n\n    @allure.title(\"TC-03: Login with empty password\")\n    def test_empty_password(self, page, login_page):\n        with allure.step(\"Open login page\"):\n            page.goto(\"https://dev.bito.uz/login\")\n    \n        with allure.step(\"Enter phone number\"):\n            login_page.enter_phone_number(\"941234567\")\n    \n        with allure.step(\"Click login button\"):\n            login_page.click_login_button()\n    \n        with allure.step(\"Check validation message\"):\n>           assert login_page.get_error_text() == \"Invalid value\"\nE           AssertionError: assert '' == 'Invalid value'\nE             \nE             - Invalid value\n\ntests/login_page/test_login_page.py:37: AssertionError"}, "steps": [{"name": "Open login page", "status": "passed", "start": 1765494849290, "stop": 1765494851563}, {"name": "Enter phone number", "status": "passed", "steps": [{"name": "Enter phone number: '941234567'", "status": "passed", "parameters": [{"name": "phone_number", "value": "'941234567'"}], "start": 1765494851563, "stop": 1765494852084}], "start": 1765494851563, "stop": 1765494852084}, {"name": "Click login button", "status": "passed", "steps": [{"name": "Click Login button", "status": "passed", "start": 1765494852085, "stop": 1765494852442}], "start": 1765494852085, "stop": 1765494852442}, {"name": "Check validation message", "status": "failed", "statusDetails": {"message": "AssertionError: assert '' == 'Invalid value'\n  \n  - Invalid value\n", "trace": "  File \"/home/siyovush/PycharmProjects/BIto_Automation/tests/login_page/test_login_page.py\", line 37, in test_empty_password\n    assert login_page.get_error_text() == \"Invalid value\"\n"}, "start": 1765494852442, "stop": 1765494852442}], "attachments": [{"name": "Failure Screenshot", "source": "0742fdaa-8586-4bef-bf48-436e78c3197e-attachment.png", "type": "image/png"}], "start": 1765494849290, "stop": 1765494852442, "uuid": "62eae095-5179-477f-b73f-4337d19ea8fa", "historyId": "78f99b3005693a020583eff8c828e134", "testCaseId": "78f99b3005693a020583eff8c828e134", "fullName": "tests.login_page.test_login_page.TestLoginPage#test_empty_password", "labels": [{"name": "feature", "value": "Login Page"}, {"name": "parentSuite", "value": "tests.login_page"}, {"name": "suite", "value": "test_login_page"}, {"name": "subSuite", "value": "TestLoginPage"}, {"name": "host", "value": "siyovush"}, {"name": "thread", "value": "47223-MainThread"}, {"name": "framework", "value": "pytest"}, {"name": "language", "value": "cpython3"}, {"name": "package", "value": "tests.login_page.test_login_page"}], "titlePath": ["tests", "login_page", "test_login_page.py", "TestLoginPage"]}