{"name": "TC-03: Login with empty password", "status": "failed", "statusDetails": {"message": "AssertionError: assert '' == 'Invalid value'\n  \n  - Invalid value", "trace": "self = <tests.login_page.test_login_page.TestLoginPage object at 0x744a2b7e5390>, page = <Page url='https://dev.bito.uz/login'>, login_page = <screens.login_screen.login_screens.LoginScreen object at 0x744a2abe7970>\n\n    @allure.title(\"TC-03: Login with empty password\")\n    def test_empty_password(self, page, login_page):\n        with allure.step(\"Open login page\"):\n            page.goto(\"https://dev.bito.uz/login\")\n    \n        with allure.step(\"Enter phone number\"):\n            login_page.enter_phone_number(\"941234567\")\n    \n        with allure.step(\"Click login button\"):\n            login_page.click_login_button()\n    \n        with allure.step(\"Check validation message\"):\n>           assert login_page.get_error_text() == \"Invalid value\"\nE           AssertionError: assert '' == 'Invalid value'\nE             \nE             - Invalid value\n\ntests/login_page/test_login_page.py:37: AssertionError"}, "steps": [{"name": "Open login page", "status": "passed", "start": 1765494812696, "stop": 1765494815116}, {"name": "Enter phone number", "status": "passed", "steps": [{"name": "Enter phone number: '941234567'", "status": "passed", "parameters": [{"name": "phone_number", "value": "'941234567'"}], "start": 1765494815116, "stop": 1765494815634}], "start": 1765494815116, "stop": 1765494815634}, {"name": "Click login button", "status": "passed", "steps": [{"name": "Click Login button", "status": "passed", "start": 1765494815635, "stop": 1765494816001}], "start": 1765494815634, "stop": 1765494816001}, {"name": "Check validation message", "status": "failed", "statusDetails": {"message": "AssertionError: assert '' == 'Invalid value'\n  \n  - Invalid value\n", "trace": "  File \"/home/siyovush/PycharmProjects/BIto_Automation/tests/login_page/test_login_page.py\", line 37, in test_empty_password\n    assert login_page.get_error_text() == \"Invalid value\"\n"}, "start": 1765494816001, "stop": 1765494816001}], "attachments": [{"name": "Failure Screenshot", "source": "0968cc6e-72c9-4327-b238-1c49b2a7e936-attachment.png", "type": "image/png"}], "start": 1765494812696, "stop": 1765494816001, "uuid": "0f929739-255f-4514-8028-ca0edd6a46f7", "historyId": "78f99b3005693a020583eff8c828e134", "testCaseId": "78f99b3005693a020583eff8c828e134", "fullName": "tests.login_page.test_login_page.TestLoginPage#test_empty_password", "labels": [{"name": "feature", "value": "Login Page"}, {"name": "parentSuite", "value": "tests.login_page"}, {"name": "suite", "value": "test_login_page"}, {"name": "subSuite", "value": "TestLoginPage"}, {"name": "host", "value": "siyovush"}, {"name": "thread", "value": "46842-MainThread"}, {"name": "framework", "value": "pytest"}, {"name": "language", "value": "cpython3"}, {"name": "package", "value": "tests.login_page.test_login_page"}], "titlePath": ["tests", "login_page", "test_login_page.py", "TestLoginPage"]}