{"name": "TC-03: Login with empty password", "status": "failed", "statusDetails": {"message": "AssertionError: assert '\\u200b' == 'Пароль обязателен'\n  \n  - Пароль обязателен\n  + ​", "trace": "self = <tests.login_page.test_login_page.TestLoginPage object at 0x771d033e3700>, page = <Page url='https://dev.bito.uz/login'>, login_page = <screens.login_screen.login_screens.LoginScreen object at 0x771d027ded10>\n\n    @allure.title(\"TC-03: Login with empty password\")\n    def test_empty_password(self, page, login_page):\n        with allure.step(\"Open login page\"):\n            page.goto(\"https://dev.bito.uz/login\")\n    \n        with allure.step(\"Enter phone number\"):\n            login_page.enter_phone_number(\"941234567\")\n    \n        with allure.step(\"Click login button\"):\n            login_page.click_login_button()\n    \n        with allure.step(\"Check validation message\"):\n>           assert login_page.get_error_text() == \"Пароль обязателен\"\nE           AssertionError: assert '\\u200b' == 'Пароль обязателен'\nE             \nE             - Пароль обязателен\nE             + ​\n\ntests/login_page/test_login_page.py:37: AssertionError"}, "steps": [{"name": "Open login page", "status": "passed", "start": 1765493450169, "stop": 1765493452437}, {"name": "Enter phone number", "status": "passed", "steps": [{"name": "Enter phone number: '941234567'", "status": "passed", "parameters": [{"name": "phone_number", "value": "'941234567'"}], "start": 1765493452437, "stop": 1765493452958}], "start": 1765493452437, "stop": 1765493452958}, {"name": "Click login button", "status": "passed", "steps": [{"name": "Click Login button", "status": "passed", "start": 1765493452958, "stop": 1765493453312}], "start": 1765493452958, "stop": 1765493453312}, {"name": "Check validation message", "status": "failed", "statusDetails": {"message": "AssertionError: assert '\\u200b' == 'Пароль обязателен'\n  \n  - Пароль обязателен\n  + ​\n", "trace": "  File \"/home/siyovush/PycharmProjects/BIto_Automation/tests/login_page/test_login_page.py\", line 37, in test_empty_password\n    assert login_page.get_error_text() == \"Пароль обязателен\"\n"}, "start": 1765493453312, "stop": 1765493453321}], "attachments": [{"name": "Failure Screenshot", "source": "e83a203f-8239-4e23-9520-48b9c9fb066e-attachment.png", "type": "image/png"}], "start": 1765493450169, "stop": 1765493453321, "uuid": "48022873-893f-457f-a26c-3df0e5e7e89e", "historyId": "78f99b3005693a020583eff8c828e134", "testCaseId": "78f99b3005693a020583eff8c828e134", "fullName": "tests.login_page.test_login_page.TestLoginPage#test_empty_password", "labels": [{"name": "feature", "value": "Login Page"}, {"name": "parentSuite", "value": "tests.login_page"}, {"name": "suite", "value": "test_login_page"}, {"name": "subSuite", "value": "TestLoginPage"}, {"name": "host", "value": "siyovush"}, {"name": "thread", "value": "42177-MainThread"}, {"name": "framework", "value": "pytest"}, {"name": "language", "value": "cpython3"}, {"name": "package", "value": "tests.login_page.test_login_page"}], "titlePath": ["tests", "login_page", "test_login_page.py", "TestLoginPage"]}