{"name": "TC-04: Invalid phone number format", "status": "failed", "statusDetails": {"message": "AssertionError: assert '' == 'Неверное значение'\n  \n  - Неверное значение", "trace": "self = <tests.login_page.test_login_page.TestLoginPage object at 0x771d033e2890>, page = <Page url='https://dev.bito.uz/login'>, login_page = <screens.login_screen.login_screens.LoginScreen object at 0x771d01d977f0>\n\n    @allure.title(\"TC-04: Invalid phone number format\")\n    def test_invalid_phone_format(self, page, login_page):\n        with allure.step(\"Open login page\"):\n            page.goto(\"https://dev.bito.uz/login\")\n    \n        with allure.step(\"Enter invalid phone number\"):\n            login_page.enter_phone_number(\"+998123\")\n    \n        with allure.step(\"Enter password\"):\n            login_page.enter_password(\"12345\")\n    \n        with allure.step(\"Click login button\"):\n            login_page.click_login_button()\n    \n        with allure.step(\"Check incorrect format validation\"):\n>           assert login_page.get_error_text() == \"Неверное значение\"\nE           AssertionError: assert '' == 'Неверное значение'\nE             \nE             - Неверное значение\n\ntests/login_page/test_login_page.py:56: AssertionError"}, "steps": [{"name": "Open login page", "status": "passed", "start": 1765493453432, "stop": 1765493455893}, {"name": "Enter invalid phone number", "status": "passed", "steps": [{"name": "Enter phone number: '+998123'", "status": "passed", "parameters": [{"name": "phone_number", "value": "'+998123'"}], "start": 1765493455893, "stop": 1765493456453}], "start": 1765493455893, "stop": 1765493456453}, {"name": "Enter password", "status": "passed", "steps": [{"name": "Enter password: '12345'", "status": "passed", "parameters": [{"name": "password", "value": "'12345'"}], "start": 1765493456453, "stop": 1765493456771}], "start": 1765493456453, "stop": 1765493456771}, {"name": "Click login button", "status": "passed", "steps": [{"name": "Click Login button", "status": "passed", "start": 1765493456771, "stop": 1765493457127}], "start": 1765493456771, "stop": 1765493457127}, {"name": "Check incorrect format validation", "status": "failed", "statusDetails": {"message": "AssertionError: assert '' == 'Неверное значение'\n  \n  - Неверное значение\n", "trace": "  File \"/home/siyovush/PycharmProjects/BIto_Automation/tests/login_page/test_login_page.py\", line 56, in test_invalid_phone_format\n    assert login_page.get_error_text() == \"Неверное значение\"\n"}, "start": 1765493457127, "stop": 1765493477130}], "attachments": [{"name": "Failure Screenshot", "source": "fb190d93-fdfe-4775-8251-48b722d8344c-attachment.png", "type": "image/png"}], "start": 1765493453432, "stop": 1765493477131, "uuid": "3503ea7e-8ace-4561-9bf5-b05711cd7b8d", "historyId": "e5ff2b80d93b128ee7d2ba1055e709d6", "testCaseId": "e5ff2b80d93b128ee7d2ba1055e709d6", "fullName": "tests.login_page.test_login_page.TestLoginPage#test_invalid_phone_format", "labels": [{"name": "feature", "value": "Login Page"}, {"name": "parentSuite", "value": "tests.login_page"}, {"name": "suite", "value": "test_login_page"}, {"name": "subSuite", "value": "TestLoginPage"}, {"name": "host", "value": "siyovush"}, {"name": "thread", "value": "42177-MainThread"}, {"name": "framework", "value": "pytest"}, {"name": "language", "value": "cpython3"}, {"name": "package", "value": "tests.login_page.test_login_page"}], "titlePath": ["tests", "login_page", "test_login_page.py", "TestLoginPage"]}